빌드 시작: 2015-06-02 오후 2:42:55
     1>2 노드의 "C:\Users\Administrator\Documents\Visual Studio 2010\Projects\15-06-01 TextRpg Store\15-06-01 TextRpg Store.vcxproj" 프로젝트(build 대상)입니다.
     1>InitializeBuildStatus:
         "Debug\15-06-01 TextRpg Store.unsuccessfulbuild"에 연결(touching)하고 있습니다.
       ClCompile:
         모든 출력이 최신 상태입니다.
         C:\Program Files (x86)\Microsoft Visual Studio 10.0\VC\bin\CL.exe /c /ZI /nologo /W3 /WX- /Od /Oy- /D WIN32 /D _DEBUG /D _CONSOLE /D _UNICODE /D UNICODE /Gm /EHsc /RTC1 /MDd /GS /fp:precise /Zc:wchar_t /Zc:forScope /Yu"StdAfx.h" /Fp"Debug\15-06-01 TextRpg Store.pch" /Fo"Debug\\" /Fd"Debug\vc100.pdb" /Gd /TP /analyze- /errorReport:prompt Armor.cpp Store.cpp
         Store.cpp
         Armor.cpp
         코드를 생성하고 있습니다...
       ManifestResourceCompile:
         모든 출력이 최신 상태입니다.
       Link:
         C:\Program Files (x86)\Microsoft Visual Studio 10.0\VC\bin\link.exe /ERRORREPORT:PROMPT /OUT:"C:\Users\Administrator\Documents\Visual Studio 2010\Projects\15-06-01 TextRpg Store\Debug\15-06-01 TextRpg Store.exe" /INCREMENTAL /NOLOGO kernel32.lib user32.lib gdi32.lib winspool.lib comdlg32.lib advapi32.lib shell32.lib ole32.lib oleaut32.lib uuid.lib odbc32.lib odbccp32.lib /MANIFEST /ManifestFile:"Debug\15-06-01 TextRpg Store.exe.intermediate.manifest" /MANIFESTUAC:"level='asInvoker' uiAccess='false'" /DEBUG /PDB:"C:\Users\Administrator\Documents\Visual Studio 2010\Projects\15-06-01 TextRpg Store\Debug\15-06-01 TextRpg Store.pdb" /SUBSYSTEM:CONSOLE /TLBID:1 /DYNAMICBASE /NXCOMPAT /IMPLIB:"C:\Users\Administrator\Documents\Visual Studio 2010\Projects\15-06-01 TextRpg Store\Debug\15-06-01 TextRpg Store.lib" /MACHINE:X86 "Debug\15-06-01 TextRpg Store.exe.embed.manifest.res"
         "Debug\15-06-01 TextRpg Store.obj"
         Debug\Armor.obj
         Debug\Field.obj
         Debug\Item.obj
         Debug\MainGame.obj
         Debug\Monster.obj
         Debug\Obj.obj
         Debug\Player.obj
         Debug\stdafx.obj
         Debug\Store.obj
         Debug\Weapon.obj
       Manifest:
         C:\Program Files (x86)\Microsoft SDKs\Windows\v7.0A\bin\mt.exe /nologo /verbose /out:"Debug\15-06-01 TextRpg Store.exe.embed.manifest" /manifest "Debug\15-06-01 TextRpg Store.exe.intermediate.manifest"
         모든 출력이 최신 상태입니다.
       LinkEmbedManifest:
         모든 출력이 최신 상태입니다.
         15-06-01 TextRpg Store.vcxproj -> C:\Users\Administrator\Documents\Visual Studio 2010\Projects\15-06-01 TextRpg Store\Debug\15-06-01 TextRpg Store.exe
       FinalizeBuildStatus:
         "Debug\15-06-01 TextRpg Store.unsuccessfulbuild" 파일을 삭제하고 있습니다.
         "Debug\15-06-01 TextRpg Store.lastbuildstate"에 연결(touching)하고 있습니다.
     1>"C:\Users\Administrator\Documents\Visual Studio 2010\Projects\15-06-01 TextRpg Store\15-06-01 TextRpg Store.vcxproj" 프로젝트를 빌드했습니다(build 대상).

빌드했습니다.

경과 시간: 00:00:00.29
